<?xml version="1.0" encoding="utf-8"?><testsuites name="pytest tests"><testsuite name="pytest" errors="0" failures="0" skipped="0" tests="23" time="97.487" timestamp="2026-04-27T23:01:24.724682+00:00" hostname="agent-env-f331add8-f4ad-45f0-a05d-6c97a7768423"><testcase classname="tests.test_lifescript_api.TestHealth" name="test_health_200_key_loaded" time="0.211" /><testcase classname="tests.test_lifescript_api.TestHealth" name="test_root_200" time="0.055" /><testcase classname="tests.test_lifescript_api.TestInitialPlan" name="test_has_seven_missions" time="17.240" /><testcase classname="tests.test_lifescript_api.TestInitialPlan" name="test_mission_fields_and_icons" time="0.000" /><testcase classname="tests.test_lifescript_api.TestInitialPlan" name="test_weekly_quest" time="0.000" /><testcase classname="tests.test_lifescript_api.TestInitialPlan" name="test_welcome_quote" time="0.000" /><testcase classname="tests.test_lifescript_api.TestDailyQuote" name="test_returns_quote" time="2.178" /><testcase classname="tests.test_lifescript_api.TestCoachChat" name="test_single_turn" time="2.465" /><testcase classname="tests.test_lifescript_api.TestCoachChat" name="test_multi_turn_session_id_honored" time="4.037" /><testcase classname="tests.test_lifescript_api.TestBossBattle" name="test_three_day_battle" time="11.236" /><testcase classname="tests.test_lifescript_api.TestRegenerateMission" name="test_single_mission" time="4.773" /><testcase classname="tests.test_lifescript_v2_ai.TestHiddenPattern" name="test_returns_title_and_insight" time="5.192" /><testcase classname="tests.test_lifescript_v2_ai.TestIdentityCard" name="test_returns_statement_and_progress" time="3.057" /><testcase classname="tests.test_lifescript_v2_ai.TestWeeklyInsight" name="test_returns_diagnosis_challenge_quote" time="6.863" /><testcase classname="tests.test_lifescript_v2_ai.TestReflectionQuestion" name="test_returns_short_question" time="1.754" /><testcase classname="tests.test_lifescript_v2_ai.TestDailyChallenge" name="test_first_call_creates_challenge" time="0.053" /><testcase classname="tests.test_lifescript_v2_ai.TestDailyChallenge" name="test_deterministic_same_day" time="0.105" /><testcase classname="tests.test_lifescript_v2_ai.TestSideQuests" name="test_returns_two_missions" time="11.854" /><testcase classname="tests.test_lifescript_v2_ai.TestStealthMission" name="test_returns_single_mission" time="3.177" /><testcase classname="tests.test_lifescript_v2_ai.TestChapterMessage" name="test_chapter_returns_required_fields[1]" time="3.647" /><testcase classname="tests.test_lifescript_v2_ai.TestChapterMessage" name="test_chapter_returns_required_fields[2]" time="3.771" /><testcase classname="tests.test_lifescript_v2_ai.TestChapterMessage" name="test_chapter_returns_required_fields[3]" time="11.489" /><testcase classname="tests.test_lifescript_v2_ai.TestChapterMessage" name="test_chapter_returns_required_fields[4]" time="4.301" /></testsuite></testsuites>