<?xml version="1.0" encoding="utf-8"?><testsuites name="pytest tests"><testsuite name="pytest" errors="0" failures="0" skipped="0" tests="12" time="70.425" timestamp="2026-04-27T23:00:10.762284+00:00" hostname="agent-env-f331add8-f4ad-45f0-a05d-6c97a7768423"><testcase classname="tests.test_lifescript_v2_ai.TestHiddenPattern" name="test_returns_title_and_insight" time="5.261" /><testcase classname="tests.test_lifescript_v2_ai.TestIdentityCard" name="test_returns_statement_and_progress" time="4.533" /><testcase classname="tests.test_lifescript_v2_ai.TestWeeklyInsight" name="test_returns_diagnosis_challenge_quote" time="6.782" /><testcase classname="tests.test_lifescript_v2_ai.TestReflectionQuestion" name="test_returns_short_question" time="1.755" /><testcase classname="tests.test_lifescript_v2_ai.TestDailyChallenge" name="test_first_call_creates_challenge" time="2.391" /><testcase classname="tests.test_lifescript_v2_ai.TestDailyChallenge" name="test_deterministic_same_day" time="2.852" /><testcase classname="tests.test_lifescript_v2_ai.TestSideQuests" name="test_returns_two_missions" time="25.897" /><testcase classname="tests.test_lifescript_v2_ai.TestStealthMission" name="test_returns_single_mission" time="3.374" /><testcase classname="tests.test_lifescript_v2_ai.TestChapterMessage" name="test_chapter_returns_required_fields[1]" time="4.314" /><testcase classname="tests.test_lifescript_v2_ai.TestChapterMessage" name="test_chapter_returns_required_fields[2]" time="4.691" /><testcase classname="tests.test_lifescript_v2_ai.TestChapterMessage" name="test_chapter_returns_required_fields[3]" time="4.396" /><testcase classname="tests.test_lifescript_v2_ai.TestChapterMessage" name="test_chapter_returns_required_fields[4]" time="4.138" /></testsuite></testsuites>