<?xml version="1.0" encoding="utf-8"?><testsuites name="pytest tests"><testsuite name="pytest" errors="0" failures="0" skipped="0" tests="11" time="42.314" timestamp="2026-04-27T21:16:48.463315+00:00" hostname="agent-env-f331add8-f4ad-45f0-a05d-6c97a7768423"><testcase classname="tests.test_lifescript_api.TestHealth" name="test_health_200_key_loaded" time="0.174" /><testcase classname="tests.test_lifescript_api.TestHealth" name="test_root_200" time="0.050" /><testcase classname="tests.test_lifescript_api.TestInitialPlan" name="test_has_seven_missions" time="16.642" /><testcase classname="tests.test_lifescript_api.TestInitialPlan" name="test_mission_fields_and_icons" time="0.000" /><testcase classname="tests.test_lifescript_api.TestInitialPlan" name="test_weekly_quest" time="0.000" /><testcase classname="tests.test_lifescript_api.TestInitialPlan" name="test_welcome_quote" time="0.000" /><testcase classname="tests.test_lifescript_api.TestDailyQuote" name="test_returns_quote" time="2.373" /><testcase classname="tests.test_lifescript_api.TestCoachChat" name="test_single_turn" time="2.561" /><testcase classname="tests.test_lifescript_api.TestCoachChat" name="test_multi_turn_session_id_honored" time="5.010" /><testcase classname="tests.test_lifescript_api.TestBossBattle" name="test_three_day_battle" time="11.862" /><testcase classname="tests.test_lifescript_api.TestRegenerateMission" name="test_single_mission" time="3.603" /></testsuite></testsuites>